log started: Wed Jun 25 10:18:55 2025

Log file: ./leap.log
>> #
>> # ----- leaprc for loading the ff14SB force field
>> # ----- NOTE: this is designed for PDB format 3!
>> #
>> #	load atom type hybridizations
>> #
>> addAtomTypes {
>> 	{ "H"   "H" "sp3" }
>> 	{ "HO"  "H" "sp3" }
>> 	{ "HS"  "H" "sp3" }
>> 	{ "H1"  "H" "sp3" }
>> 	{ "H2"  "H" "sp3" }
>> 	{ "H3"  "H" "sp3" }
>> 	{ "H4"  "H" "sp3" }
>> 	{ "H5"  "H" "sp3" }
>> 	{ "HW"  "H" "sp3" }
>> 	{ "HC"  "H" "sp3" }
>> 	{ "HA"  "H" "sp3" }
>> 	{ "HP"  "H" "sp3" }
>> 	{ "HZ"  "H" "sp3" }
>> 	{ "OH"  "O" "sp3" }
>> 	{ "OS"  "O" "sp3" }
>> 	{ "O"   "O" "sp2" }
>> 	{ "O2"  "O" "sp2" }
>> 	{ "OP"  "O" "sp2" }
>> 	{ "OW"  "O" "sp3" }
>> 	{ "CT"  "C" "sp3" }
>> 	{ "CX"  "C" "sp3" }
>> 	{ "C8"  "C" "sp3" }
>> 	{ "2C"  "C" "sp3" }
>> 	{ "3C"  "C" "sp3" }
>> 	{ "CH"  "C" "sp3" }
>> 	{ "CS"  "C" "sp2" }
>> 	{ "C"   "C" "sp2" }
>> 	{ "CO"   "C" "sp2" }
>> 	{ "C*"  "C" "sp2" }
>> 	{ "CA"  "C" "sp2" }
>> 	{ "CB"  "C" "sp2" }
>> 	{ "CC"  "C" "sp2" }
>> 	{ "CN"  "C" "sp2" }
>> 	{ "CM"  "C" "sp2" }
>> 	{ "CK"  "C" "sp2" }
>> 	{ "CQ"  "C" "sp2" }
>> 	{ "CD"  "C" "sp2" }
>> 	{ "C5"  "C" "sp2" }
>> 	{ "C4"  "C" "sp2" }
>> 	{ "CP"  "C" "sp2" }
>> 	{ "CI"  "C" "sp3" }
>> 	{ "CJ"  "C" "sp2" }
>> 	{ "CW"  "C" "sp2" }
>> 	{ "CV"  "C" "sp2" }
>> 	{ "CR"  "C" "sp2" }
>> 	{ "CA"  "C" "sp2" }
>> 	{ "CY"  "C" "sp2" }
>> 	{ "C0"  "Ca" "sp3" }
>> 	{ "MG"  "Mg" "sp3" }
>> 	{ "N"   "N" "sp2" }
>> 	{ "NA"  "N" "sp2" }
>> 	{ "N2"  "N" "sp2" }
>> 	{ "N*"  "N" "sp2" }
>> 	{ "NP"  "N" "sp2" }
>> 	{ "NQ"  "N" "sp2" }
>> 	{ "NB"  "N" "sp2" }
>> 	{ "NC"  "N" "sp2" }
>> 	{ "NT"  "N" "sp3" }
>> 	{ "NY"  "N" "sp2" }
>> 	{ "N3"  "N" "sp3" }
>> 	{ "S"   "S" "sp3" }
>> 	{ "SH"  "S" "sp3" }
>> 	{ "P"   "P" "sp3" }
>> 	{ "LP"  ""  "sp3" }
>> 	{ "EP"  ""  "sp3" }
>> 	{ "F"   "F" "sp3" }
>> 	{ "Cl"  "Cl" "sp3" }
>> 	{ "Br"  "Br" "sp3" }
>> 	{ "I"   "I"  "sp3" }
>> }
>> #
>> #	Load the main parameter set.
>> #
>> parm10 = loadamberparams parm10.dat
Loading parameters: /opt/amber24/amber24/dat/leap/parm/parm10.dat
Reading title:
PARM99 + frcmod.ff99SB + frcmod.parmbsc0 + OL3 for RNA
>> frcmod14SB = loadamberparams frcmod.ff14SB
Loading parameters: /opt/amber24/amber24/dat/leap/parm/frcmod.ff14SB
Reading force field modification type file (frcmod)
Reading title:
ff14SB protein backbone and sidechain parameters
>> #
>> #	Load main chain and terminating amino acid libraries
>> #
>> loadOff amino12.lib
Loading library: /opt/amber24/amber24/dat/leap/lib/amino12.lib
Loading: ALA
Loading: ARG
Loading: ASH
Loading: ASN
Loading: ASP
Loading: CYM
Loading: CYS
Loading: CYX
Loading: GLH
Loading: GLN
Loading: GLU
Loading: GLY
Loading: HID
Loading: HIE
Loading: HIP
Loading: HYP
Loading: ILE
Loading: LEU
Loading: LYN
Loading: LYS
Loading: MET
Loading: PHE
Loading: PRO
Loading: SER
Loading: THR
Loading: TRP
Loading: TYR
Loading: VAL
>> loadOff aminoct12.lib
Loading library: /opt/amber24/amber24/dat/leap/lib/aminoct12.lib
Loading: CALA
Loading: CARG
Loading: CASN
Loading: CASP
Loading: CCYS
Loading: CCYX
Loading: CGLN
Loading: CGLU
Loading: CGLY
Loading: CHID
Loading: CHIE
Loading: CHIP
Loading: CHYP
Loading: CILE
Loading: CLEU
Loading: CLYS
Loading: CMET
Loading: CPHE
Loading: CPRO
Loading: CSER
Loading: CTHR
Loading: CTRP
Loading: CTYR
Loading: CVAL
Loading: NHE
Loading: NME
>> loadOff aminont12.lib
Loading library: /opt/amber24/amber24/dat/leap/lib/aminont12.lib
Loading: ACE
Loading: NALA
Loading: NARG
Loading: NASN
Loading: NASP
Loading: NCYS
Loading: NCYX
Loading: NGLN
Loading: NGLU
Loading: NGLY
Loading: NHID
Loading: NHIE
Loading: NHIP
Loading: NILE
Loading: NLEU
Loading: NLYS
Loading: NMET
Loading: NPHE
Loading: NPRO
Loading: NSER
Loading: NTHR
Loading: NTRP
Loading: NTYR
Loading: NVAL
>> 
>> #
>> #	Define the PDB name map for the amino acids
>> #
>> addPdbResMap {
>>   { 0 "HYP" "HYP" } { 1 "HYP" "CHYP" }
>>   { 0 "ALA" "NALA" } { 1 "ALA" "CALA" }
>>   { 0 "ARG" "NARG" } { 1 "ARG" "CARG" }
>>   { 0 "ASN" "NASN" } { 1 "ASN" "CASN" }
>>   { 0 "ASP" "NASP" } { 1 "ASP" "CASP" }
>>   { 0 "CYS" "NCYS" } { 1 "CYS" "CCYS" }
>>   { 0 "CYX" "NCYX" } { 1 "CYX" "CCYX" }
>>   { 0 "GLN" "NGLN" } { 1 "GLN" "CGLN" }
>>   { 0 "GLU" "NGLU" } { 1 "GLU" "CGLU" }
>>   { 0 "GLY" "NGLY" } { 1 "GLY" "CGLY" }
>>   { 0 "HID" "NHID" } { 1 "HID" "CHID" }
>>   { 0 "HIE" "NHIE" } { 1 "HIE" "CHIE" }
>>   { 0 "HIP" "NHIP" } { 1 "HIP" "CHIP" }
>>   { 0 "ILE" "NILE" } { 1 "ILE" "CILE" }
>>   { 0 "LEU" "NLEU" } { 1 "LEU" "CLEU" }
>>   { 0 "LYS" "NLYS" } { 1 "LYS" "CLYS" }
>>   { 0 "MET" "NMET" } { 1 "MET" "CMET" }
>>   { 0 "PHE" "NPHE" } { 1 "PHE" "CPHE" }
>>   { 0 "PRO" "NPRO" } { 1 "PRO" "CPRO" }
>>   { 0 "SER" "NSER" } { 1 "SER" "CSER" }
>>   { 0 "THR" "NTHR" } { 1 "THR" "CTHR" }
>>   { 0 "TRP" "NTRP" } { 1 "TRP" "CTRP" }
>>   { 0 "TYR" "NTYR" } { 1 "TYR" "CTYR" }
>>   { 0 "VAL" "NVAL" } { 1 "VAL" "CVAL" }
>>   { 0 "HIS" "NHIS" } { 1 "HIS" "CHIS" }
>> }
>> 
>> #
>> # assume that most often proteins use HIE
>> #
>> NHIS = NHIE
>> HIS = HIE
>> CHIS = CHIE
> 
> source leaprc.gaff
----- Source: /opt/amber24/amber24/dat/leap/cmd/leaprc.gaff
----- Source of /opt/amber24/amber24/dat/leap/cmd/leaprc.gaff done
>> logFile leap.log
log started: Wed Jun 25 10:18:56 2025

Log file: ./leap.log
>> #
>> # ----- leaprc for loading the general Amber Force field.
>> #       This file is mostly for use with Antechamber
>> #
>> #	load atom type hybridizations
>> #
>> addAtomTypes {
>> 	{ "h1"  "H" "sp3" }
>> 	{ "h2"  "H" "sp3" }
>> 	{ "h3"  "H" "sp3" }
>> 	{ "h4"  "H" "sp3" }
>> 	{ "h5"  "H" "sp3" }
>> 	{ "ha"  "H" "sp3" }
>> 	{ "hc"  "H" "sp3" }
>> 	{ "hn"  "H" "sp3" }
>> 	{ "ho"  "H" "sp3" }
>> 	{ "hp"  "H" "sp3" }
>> 	{ "hs"  "H" "sp3" }
>> 	{ "hw"  "H" "sp3" }
>> 	{ "hx"  "H" "sp3" }
>> 	{ "o"  "O" "sp2" }
>> 	{ "o2"  "O" "sp2" }
>> 	{ "oh"  "O" "sp3" }
>> 	{ "op"  "O" "sp3" }
>> 	{ "oq"  "O" "sp3" }
>> 	{ "os"  "O" "sp3" }
>> 	{ "ow"  "O" "sp3" }
>> 	{ "c"  "C" "sp2" }
>> 	{ "c1"  "C" "sp2" }
>> 	{ "c2"  "C" "sp2" }
>> 	{ "c3"  "C" "sp3" }
>> 	{ "ca"  "C" "sp2" }
>> 	{ "cc"  "C" "sp2" }
>> 	{ "cd"  "C" "sp2" }
>> 	{ "ce"  "C" "sp2" }
>> 	{ "cf"  "C" "sp2" }
>> 	{ "cg"  "C" "sp2" }
>> 	{ "ch"  "C" "sp2" }
>> 	{ "cp"  "C" "sp2" }
>> 	{ "cq"  "C" "sp2" }
>> 	{ "cu"  "C" "sp2" }
>> 	{ "cv"  "C" "sp2" }
>> 	{ "cx"  "C" "sp2" }
>> 	{ "cy"  "C" "sp2" }
>> 	{ "cz"  "C" "sp2" }
>> 	{ "n"   "N" "sp2" }
>> 	{ "n1"  "N" "sp2" }
>> 	{ "n2"  "N" "sp2" }
>> 	{ "n3"  "N" "sp3" }
>> 	{ "n4"  "N" "sp3" }
>> 	{ "na"  "N" "sp2" }
>> 	{ "nb"  "N" "sp2" }
>> 	{ "nc"  "N" "sp2" }
>> 	{ "nd"  "N" "sp2" }
>> 	{ "ne"  "N" "sp2" }
>> 	{ "nf"  "N" "sp2" }
>> 	{ "nh"  "N" "sp2" }
>> 	{ "ni"  "N" "sp2" }
>> 	{ "nj"  "N" "sp2" }
>> 	{ "nk"  "N" "sp3" }
>> 	{ "nl"  "N" "sp3" }
>> 	{ "nm"  "N" "sp2" }
>> 	{ "nn"  "N" "sp2" }
>> 	{ "no"  "N" "sp2" }
>> 	{ "np"  "N" "sp3" }
>> 	{ "nq"  "N" "sp3" }
>> 	{ "s"   "S" "sp2" }
>> 	{ "s2"   "S" "sp2" }
>> 	{ "s3"   "S" "sp3" }
>> 	{ "s4"   "S" "sp3" }
>> 	{ "s6"   "S" "sp3" }
>> 	{ "sh"   "S" "sp3" }
>> 	{ "sp"   "S" "sp3" }
>> 	{ "sq"   "S" "sp3" }
>> 	{ "ss"   "S" "sp3" }
>> 	{ "sx"   "S" "sp3" }
>> 	{ "sy"   "S" "sp3" }
>> 	{ "p2"   "P" "sp2" }
>> 	{ "p3"   "P" "sp3" }
>> 	{ "p4"   "P" "sp3" }
>> 	{ "p5"   "P" "sp3" }
>> 	{ "pb"   "P" "sp3" }
>> 	{ "pc"   "P" "sp3" }
>> 	{ "pd"   "P" "sp3" }
>> 	{ "pe"   "P" "sp3" }
>> 	{ "pf"   "P" "sp3" }
>> 	{ "px"   "P" "sp3" }
>> 	{ "py"   "P" "sp3" }
>> 	{ "f"   "F" "sp3" }
>> 	{ "cl"  "Cl" "sp3" }
>> 	{ "br"  "Br" "sp3" }
>> 	{ "i"   "I"  "sp3" }
>> }
>> #
>> #	Load the general force field parameter set.
>> #
>> gaff = loadamberparams gaff.dat
Loading parameters: /opt/amber24/amber24/dat/leap/parm/gaff.dat
Reading title:
AMBER General Force Field for organic molecules (Version 1.81, May 2017)
> 
> source leaprc.gaff2
----- Source: /opt/amber24/amber24/dat/leap/cmd/leaprc.gaff2
----- Source of /opt/amber24/amber24/dat/leap/cmd/leaprc.gaff2 done
>> logFile leap.log
log started: Wed Jun 25 10:18:59 2025

Log file: ./leap.log
>> #
>> # ----- leaprc for loading the general Amber Force field.
>> #       This file is mostly for use with Antechamber
>> #
>> #	load atom type hybridizations
>> #
>> addAtomTypes {
>> 	{ "h1"  "H" "sp3" }
>> 	{ "h2"  "H" "sp3" }
>> 	{ "h3"  "H" "sp3" }
>> 	{ "h4"  "H" "sp3" }
>> 	{ "h5"  "H" "sp3" }
>> 	{ "ha"  "H" "sp3" }
>> 	{ "hc"  "H" "sp3" }
>> 	{ "hn"  "H" "sp3" }
>> 	{ "ho"  "H" "sp3" }
>> 	{ "hp"  "H" "sp3" }
>> 	{ "hs"  "H" "sp3" }
>> 	{ "hw"  "H" "sp3" }
>> 	{ "hx"  "H" "sp3" }
>> 	{ "o"  "O" "sp2" }
>> 	{ "o2"  "O" "sp2" }
>> 	{ "oh"  "O" "sp3" }
>> 	{ "op"  "O" "sp3" }
>> 	{ "oq"  "O" "sp3" }
>> 	{ "os"  "O" "sp3" }
>> 	{ "ow"  "O" "sp3" }
>> 	{ "c"  "C" "sp2" }
>> 	{ "c1"  "C" "sp2" }
>> 	{ "c2"  "C" "sp2" }
>> 	{ "c3"  "C" "sp3" }
>> 	{ "c5"  "C" "sp3" }
>> 	{ "c6"  "C" "sp3" }
>> 	{ "ca"  "C" "sp2" }
>> 	{ "cc"  "C" "sp2" }
>> 	{ "cd"  "C" "sp2" }
>> 	{ "ce"  "C" "sp2" }
>> 	{ "cf"  "C" "sp2" }
>> 	{ "cg"  "C" "sp2" }
>> 	{ "ch"  "C" "sp2" }
>> 	{ "cp"  "C" "sp2" }
>> 	{ "cs"  "C" "sp2" }
>> 	{ "cq"  "C" "sp2" }
>> 	{ "cu"  "C" "sp2" }
>> 	{ "cv"  "C" "sp2" }
>> 	{ "cx"  "C" "sp2" }
>> 	{ "cy"  "C" "sp2" }
>> 	{ "cz"  "C" "sp2" }
>> 	{ "n"   "N" "sp2" }
>> 	{ "n1"  "N" "sp2" }
>> 	{ "n2"  "N" "sp2" }
>> 	{ "n3"  "N" "sp3" }
>> 	{ "n4"  "N" "sp3" }
>> 	{ "n5"  "N" "sp3" }
>> 	{ "n6"  "N" "sp3" }
>> 	{ "n7"  "N" "sp3" }
>> 	{ "n8"  "N" "sp3" }
>> 	{ "n9"  "N" "sp3" }
>> 	{ "na"  "N" "sp2" }
>> 	{ "nb"  "N" "sp2" }
>> 	{ "nc"  "N" "sp2" }
>> 	{ "nd"  "N" "sp2" }
>> 	{ "ne"  "N" "sp2" }
>> 	{ "nf"  "N" "sp2" }
>> 	{ "nh"  "N" "sp2" }
>> 	{ "ni"  "N" "sp2" }
>> 	{ "nj"  "N" "sp2" }
>> 	{ "nk"  "N" "sp3" }
>> 	{ "nl"  "N" "sp3" }
>> 	{ "nm"  "N" "sp2" }
>> 	{ "nn"  "N" "sp2" }
>> 	{ "no"  "N" "sp2" }
>> 	{ "np"  "N" "sp3" }
>> 	{ "nq"  "N" "sp3" }
>> 	{ "ns"  "N" "sp2" }
>> 	{ "nt"  "N" "sp2" }
>> 	{ "nu"  "N" "sp2" }
>> 	{ "nv"  "N" "sp2" }
>> 	{ "nx"  "N" "sp3" }
>> 	{ "ny"  "N" "sp3" }
>> 	{ "nz"  "N" "sp3" }
>> 	{ "n+"  "N" "sp3" }
>> 	{ "s"   "S" "sp2" }
>> 	{ "s2"   "S" "sp2" }
>> 	{ "s3"   "S" "sp3" }
>> 	{ "s4"   "S" "sp3" }
>> 	{ "s6"   "S" "sp3" }
>> 	{ "sh"   "S" "sp3" }
>> 	{ "sp"   "S" "sp3" }
>> 	{ "sq"   "S" "sp3" }
>> 	{ "ss"   "S" "sp3" }
>> 	{ "sx"   "S" "sp3" }
>> 	{ "sy"   "S" "sp3" }
>> 	{ "p2"   "P" "sp2" }
>> 	{ "p3"   "P" "sp3" }
>> 	{ "p4"   "P" "sp3" }
>> 	{ "p5"   "P" "sp3" }
>> 	{ "pb"   "P" "sp3" }
>> 	{ "pc"   "P" "sp3" }
>> 	{ "pd"   "P" "sp3" }
>> 	{ "pe"   "P" "sp3" }
>> 	{ "pf"   "P" "sp3" }
>> 	{ "px"   "P" "sp3" }
>> 	{ "py"   "P" "sp3" }
>> 	{ "f"   "F" "sp3" }
>> 	{ "cl"  "Cl" "sp3" }
>> 	{ "br"  "Br" "sp3" }
>> 	{ "i"   "I"  "sp3" }
>> }
>> #
>> #	Load the general force field parameter set.
>> #
>> gaff = loadamberparams gaff2.dat
Loading parameters: /opt/amber24/amber24/dat/leap/parm/gaff2.dat
Reading title:
AMBER General Force Field for organic molecules (Version 2.2.20, March 2021)
> 
> loadamberparams hem.frcmod
Loading parameters: ./hem.frcmod
Reading force field modification type file (frcmod)
Reading title:
Remark line goes here
> loadamberparams fe3.frcmod
Loading parameters: ./fe3.frcmod
Reading force field modification type file (frcmod)
Reading title:
Amber Force Field Parameters for the Fe +III  Ion
(UNKNOWN ATOM TYPE: FE)
(UNKNOWN ATOM TYPE: Fe3)
(UNKNOWN ATOM TYPE: Fe3+)
> hem = loadmol2 hem.mol2
Loading Mol2 file: ./hem.mol2
Reading MOLECULE named HEM
> fe = loadmol2 fe3.mol2
Loading Mol2 file: ./fe3.mol2
Reading MOLECULE named FE3
> full = loadmol2 Heme_full.mol2
Loading Mol2 file: ./Heme_full.mol2
Reading MOLECULE named FE3
log started: Wed Jun 25 10:26:28 2025

Log file: ./leap.log
>> #
>> # ----- leaprc for loading the ff14SB force field
>> # ----- NOTE: this is designed for PDB format 3!
>> #
>> #	load atom type hybridizations
>> #
>> addAtomTypes {
>> 	{ "H"   "H" "sp3" }
>> 	{ "HO"  "H" "sp3" }
>> 	{ "HS"  "H" "sp3" }
>> 	{ "H1"  "H" "sp3" }
>> 	{ "H2"  "H" "sp3" }
>> 	{ "H3"  "H" "sp3" }
>> 	{ "H4"  "H" "sp3" }
>> 	{ "H5"  "H" "sp3" }
>> 	{ "HW"  "H" "sp3" }
>> 	{ "HC"  "H" "sp3" }
>> 	{ "HA"  "H" "sp3" }
>> 	{ "HP"  "H" "sp3" }
>> 	{ "HZ"  "H" "sp3" }
>> 	{ "OH"  "O" "sp3" }
>> 	{ "OS"  "O" "sp3" }
>> 	{ "O"   "O" "sp2" }
>> 	{ "O2"  "O" "sp2" }
>> 	{ "OP"  "O" "sp2" }
>> 	{ "OW"  "O" "sp3" }
>> 	{ "CT"  "C" "sp3" }
>> 	{ "CX"  "C" "sp3" }
>> 	{ "C8"  "C" "sp3" }
>> 	{ "2C"  "C" "sp3" }
>> 	{ "3C"  "C" "sp3" }
>> 	{ "CH"  "C" "sp3" }
>> 	{ "CS"  "C" "sp2" }
>> 	{ "C"   "C" "sp2" }
>> 	{ "CO"   "C" "sp2" }
>> 	{ "C*"  "C" "sp2" }
>> 	{ "CA"  "C" "sp2" }
>> 	{ "CB"  "C" "sp2" }
>> 	{ "CC"  "C" "sp2" }
>> 	{ "CN"  "C" "sp2" }
>> 	{ "CM"  "C" "sp2" }
>> 	{ "CK"  "C" "sp2" }
>> 	{ "CQ"  "C" "sp2" }
>> 	{ "CD"  "C" "sp2" }
>> 	{ "C5"  "C" "sp2" }
>> 	{ "C4"  "C" "sp2" }
>> 	{ "CP"  "C" "sp2" }
>> 	{ "CI"  "C" "sp3" }
>> 	{ "CJ"  "C" "sp2" }
>> 	{ "CW"  "C" "sp2" }
>> 	{ "CV"  "C" "sp2" }
>> 	{ "CR"  "C" "sp2" }
>> 	{ "CA"  "C" "sp2" }
>> 	{ "CY"  "C" "sp2" }
>> 	{ "C0"  "Ca" "sp3" }
>> 	{ "MG"  "Mg" "sp3" }
>> 	{ "N"   "N" "sp2" }
>> 	{ "NA"  "N" "sp2" }
>> 	{ "N2"  "N" "sp2" }
>> 	{ "N*"  "N" "sp2" }
>> 	{ "NP"  "N" "sp2" }
>> 	{ "NQ"  "N" "sp2" }
>> 	{ "NB"  "N" "sp2" }
>> 	{ "NC"  "N" "sp2" }
>> 	{ "NT"  "N" "sp3" }
>> 	{ "NY"  "N" "sp2" }
>> 	{ "N3"  "N" "sp3" }
>> 	{ "S"   "S" "sp3" }
>> 	{ "SH"  "S" "sp3" }
>> 	{ "P"   "P" "sp3" }
>> 	{ "LP"  ""  "sp3" }
>> 	{ "EP"  ""  "sp3" }
>> 	{ "F"   "F" "sp3" }
>> 	{ "Cl"  "Cl" "sp3" }
>> 	{ "Br"  "Br" "sp3" }
>> 	{ "I"   "I"  "sp3" }
>> }
>> #
>> #	Load the main parameter set.
>> #
>> parm10 = loadamberparams parm10.dat
Loading parameters: /opt/amber24/amber24/dat/leap/parm/parm10.dat
Reading title:
PARM99 + frcmod.ff99SB + frcmod.parmbsc0 + OL3 for RNA
>> frcmod14SB = loadamberparams frcmod.ff14SB
Loading parameters: /opt/amber24/amber24/dat/leap/parm/frcmod.ff14SB
Reading force field modification type file (frcmod)
Reading title:
ff14SB protein backbone and sidechain parameters
>> #
>> #	Load main chain and terminating amino acid libraries
>> #
>> loadOff amino12.lib
Loading library: /opt/amber24/amber24/dat/leap/lib/amino12.lib
Loading: ALA
Loading: ARG
Loading: ASH
Loading: ASN
Loading: ASP
Loading: CYM
Loading: CYS
Loading: CYX
Loading: GLH
Loading: GLN
Loading: GLU
Loading: GLY
Loading: HID
Loading: HIE
Loading: HIP
Loading: HYP
Loading: ILE
Loading: LEU
Loading: LYN
Loading: LYS
Loading: MET
Loading: PHE
Loading: PRO
Loading: SER
Loading: THR
Loading: TRP
Loading: TYR
Loading: VAL
>> loadOff aminoct12.lib
Loading library: /opt/amber24/amber24/dat/leap/lib/aminoct12.lib
Loading: CALA
Loading: CARG
Loading: CASN
Loading: CASP
Loading: CCYS
Loading: CCYX
Loading: CGLN
Loading: CGLU
Loading: CGLY
Loading: CHID
Loading: CHIE
Loading: CHIP
Loading: CHYP
Loading: CILE
Loading: CLEU
Loading: CLYS
Loading: CMET
Loading: CPHE
Loading: CPRO
Loading: CSER
Loading: CTHR
Loading: CTRP
Loading: CTYR
Loading: CVAL
Loading: NHE
Loading: NME
>> loadOff aminont12.lib
Loading library: /opt/amber24/amber24/dat/leap/lib/aminont12.lib
Loading: ACE
Loading: NALA
Loading: NARG
Loading: NASN
Loading: NASP
Loading: NCYS
Loading: NCYX
Loading: NGLN
Loading: NGLU
Loading: NGLY
Loading: NHID
Loading: NHIE
Loading: NHIP
Loading: NILE
Loading: NLEU
Loading: NLYS
Loading: NMET
Loading: NPHE
Loading: NPRO
Loading: NSER
Loading: NTHR
Loading: NTRP
Loading: NTYR
Loading: NVAL
>> 
>> #
>> #	Define the PDB name map for the amino acids
>> #
>> addPdbResMap {
>>   { 0 "HYP" "HYP" } { 1 "HYP" "CHYP" }
>>   { 0 "ALA" "NALA" } { 1 "ALA" "CALA" }
>>   { 0 "ARG" "NARG" } { 1 "ARG" "CARG" }
>>   { 0 "ASN" "NASN" } { 1 "ASN" "CASN" }
>>   { 0 "ASP" "NASP" } { 1 "ASP" "CASP" }
>>   { 0 "CYS" "NCYS" } { 1 "CYS" "CCYS" }
>>   { 0 "CYX" "NCYX" } { 1 "CYX" "CCYX" }
>>   { 0 "GLN" "NGLN" } { 1 "GLN" "CGLN" }
>>   { 0 "GLU" "NGLU" } { 1 "GLU" "CGLU" }
>>   { 0 "GLY" "NGLY" } { 1 "GLY" "CGLY" }
>>   { 0 "HID" "NHID" } { 1 "HID" "CHID" }
>>   { 0 "HIE" "NHIE" } { 1 "HIE" "CHIE" }
>>   { 0 "HIP" "NHIP" } { 1 "HIP" "CHIP" }
>>   { 0 "ILE" "NILE" } { 1 "ILE" "CILE" }
>>   { 0 "LEU" "NLEU" } { 1 "LEU" "CLEU" }
>>   { 0 "LYS" "NLYS" } { 1 "LYS" "CLYS" }
>>   { 0 "MET" "NMET" } { 1 "MET" "CMET" }
>>   { 0 "PHE" "NPHE" } { 1 "PHE" "CPHE" }
>>   { 0 "PRO" "NPRO" } { 1 "PRO" "CPRO" }
>>   { 0 "SER" "NSER" } { 1 "SER" "CSER" }
>>   { 0 "THR" "NTHR" } { 1 "THR" "CTHR" }
>>   { 0 "TRP" "NTRP" } { 1 "TRP" "CTRP" }
>>   { 0 "TYR" "NTYR" } { 1 "TYR" "CTYR" }
>>   { 0 "VAL" "NVAL" } { 1 "VAL" "CVAL" }
>>   { 0 "HIS" "NHIS" } { 1 "HIS" "CHIS" }
>> }
>> 
>> #
>> # assume that most often proteins use HIE
>> #
>> NHIS = NHIE
>> HIS = HIE
>> CHIS = CHIE
> 
> source leaprc.gaff2
----- Source: /opt/amber24/amber24/dat/leap/cmd/leaprc.gaff2
----- Source of /opt/amber24/amber24/dat/leap/cmd/leaprc.gaff2 done
>> logFile leap.log
log started: Wed Jun 25 10:26:29 2025

Log file: ./leap.log
>> #
>> # ----- leaprc for loading the general Amber Force field.
>> #       This file is mostly for use with Antechamber
>> #
>> #	load atom type hybridizations
>> #
>> addAtomTypes {
>> 	{ "h1"  "H" "sp3" }
>> 	{ "h2"  "H" "sp3" }
>> 	{ "h3"  "H" "sp3" }
>> 	{ "h4"  "H" "sp3" }
>> 	{ "h5"  "H" "sp3" }
>> 	{ "ha"  "H" "sp3" }
>> 	{ "hc"  "H" "sp3" }
>> 	{ "hn"  "H" "sp3" }
>> 	{ "ho"  "H" "sp3" }
>> 	{ "hp"  "H" "sp3" }
>> 	{ "hs"  "H" "sp3" }
>> 	{ "hw"  "H" "sp3" }
>> 	{ "hx"  "H" "sp3" }
>> 	{ "o"  "O" "sp2" }
>> 	{ "o2"  "O" "sp2" }
>> 	{ "oh"  "O" "sp3" }
>> 	{ "op"  "O" "sp3" }
>> 	{ "oq"  "O" "sp3" }
>> 	{ "os"  "O" "sp3" }
>> 	{ "ow"  "O" "sp3" }
>> 	{ "c"  "C" "sp2" }
>> 	{ "c1"  "C" "sp2" }
>> 	{ "c2"  "C" "sp2" }
>> 	{ "c3"  "C" "sp3" }
>> 	{ "c5"  "C" "sp3" }
>> 	{ "c6"  "C" "sp3" }
>> 	{ "ca"  "C" "sp2" }
>> 	{ "cc"  "C" "sp2" }
>> 	{ "cd"  "C" "sp2" }
>> 	{ "ce"  "C" "sp2" }
>> 	{ "cf"  "C" "sp2" }
>> 	{ "cg"  "C" "sp2" }
>> 	{ "ch"  "C" "sp2" }
>> 	{ "cp"  "C" "sp2" }
>> 	{ "cs"  "C" "sp2" }
>> 	{ "cq"  "C" "sp2" }
>> 	{ "cu"  "C" "sp2" }
>> 	{ "cv"  "C" "sp2" }
>> 	{ "cx"  "C" "sp2" }
>> 	{ "cy"  "C" "sp2" }
>> 	{ "cz"  "C" "sp2" }
>> 	{ "n"   "N" "sp2" }
>> 	{ "n1"  "N" "sp2" }
>> 	{ "n2"  "N" "sp2" }
>> 	{ "n3"  "N" "sp3" }
>> 	{ "n4"  "N" "sp3" }
>> 	{ "n5"  "N" "sp3" }
>> 	{ "n6"  "N" "sp3" }
>> 	{ "n7"  "N" "sp3" }
>> 	{ "n8"  "N" "sp3" }
>> 	{ "n9"  "N" "sp3" }
>> 	{ "na"  "N" "sp2" }
>> 	{ "nb"  "N" "sp2" }
>> 	{ "nc"  "N" "sp2" }
>> 	{ "nd"  "N" "sp2" }
>> 	{ "ne"  "N" "sp2" }
>> 	{ "nf"  "N" "sp2" }
>> 	{ "nh"  "N" "sp2" }
>> 	{ "ni"  "N" "sp2" }
>> 	{ "nj"  "N" "sp2" }
>> 	{ "nk"  "N" "sp3" }
>> 	{ "nl"  "N" "sp3" }
>> 	{ "nm"  "N" "sp2" }
>> 	{ "nn"  "N" "sp2" }
>> 	{ "no"  "N" "sp2" }
>> 	{ "np"  "N" "sp3" }
>> 	{ "nq"  "N" "sp3" }
>> 	{ "ns"  "N" "sp2" }
>> 	{ "nt"  "N" "sp2" }
>> 	{ "nu"  "N" "sp2" }
>> 	{ "nv"  "N" "sp2" }
>> 	{ "nx"  "N" "sp3" }
>> 	{ "ny"  "N" "sp3" }
>> 	{ "nz"  "N" "sp3" }
>> 	{ "n+"  "N" "sp3" }
>> 	{ "s"   "S" "sp2" }
>> 	{ "s2"   "S" "sp2" }
>> 	{ "s3"   "S" "sp3" }
>> 	{ "s4"   "S" "sp3" }
>> 	{ "s6"   "S" "sp3" }
>> 	{ "sh"   "S" "sp3" }
>> 	{ "sp"   "S" "sp3" }
>> 	{ "sq"   "S" "sp3" }
>> 	{ "ss"   "S" "sp3" }
>> 	{ "sx"   "S" "sp3" }
>> 	{ "sy"   "S" "sp3" }
>> 	{ "p2"   "P" "sp2" }
>> 	{ "p3"   "P" "sp3" }
>> 	{ "p4"   "P" "sp3" }
>> 	{ "p5"   "P" "sp3" }
>> 	{ "pb"   "P" "sp3" }
>> 	{ "pc"   "P" "sp3" }
>> 	{ "pd"   "P" "sp3" }
>> 	{ "pe"   "P" "sp3" }
>> 	{ "pf"   "P" "sp3" }
>> 	{ "px"   "P" "sp3" }
>> 	{ "py"   "P" "sp3" }
>> 	{ "f"   "F" "sp3" }
>> 	{ "cl"  "Cl" "sp3" }
>> 	{ "br"  "Br" "sp3" }
>> 	{ "i"   "I"  "sp3" }
>> }
>> #
>> #	Load the general force field parameter set.
>> #
>> gaff = loadamberparams gaff2.dat
Loading parameters: /opt/amber24/amber24/dat/leap/parm/gaff2.dat
Reading title:
AMBER General Force Field for organic molecules (Version 2.2.20, March 2021)
> 
> loadmaberparams fe3.frcmod

Error: Error from the parser: 
       syntax error.
       Check for typos, misspellings, etc.
       Try help on the command name and desc on the command arguments.

> loadamberparams fe3.frcmod
Loading parameters: ./fe3.frcmod
Reading force field modification type file (frcmod)
Reading title:
Amber Force Field Parameters for the Fe +III  Ion
(UNKNOWN ATOM TYPE: FE)
(UNKNOWN ATOM TYPE: Fe3)
(UNKNOWN ATOM TYPE: Fe3+)
> loadamberparams hem.frcmod
Loading parameters: ./hem.frcmod
Reading force field modification type file (frcmod)
Reading title:
Remark line goes here
> full = loadpdb Heme_full.pdb
Loading PDB file: ./Heme_full.pdb

Warning: Name change in pdb file residue 0 ;
this residue is split into FE3 and HEM.

Note: 1 residues had naming warnings.
Thus, there are split residues;
residue sequence numbers will not correspond to those in the pdb.
Matching PDB residue names to LEaP variables.

Warning: Unknown residue: FE3   number: 0   type: Terminal/beginning
..relaxing end constraints to try for a dbase match

Warning:   -no luck

Warning: Unknown residue: HEM   number: 1   type: Terminal/last
..relaxing end constraints to try for a dbase match

Warning:   -no luck
Creating new UNIT for residue: FE3 sequence: 0
Created a new atom named: FE within residue: .R<FE3 0>
Creating new UNIT for residue: HEM sequence: 1
Starting new chain with 
Created a new atom named: CHA within residue: .R<HEM 1>
Created a new atom named: CHB within residue: .R<HEM 1>
Created a new atom named: CHC within residue: .R<HEM 1>
Created a new atom named: CHD within residue: .R<HEM 1>
Created a new atom named: C1A within residue: .R<HEM 1>
Created a new atom named: C2A within residue: .R<HEM 1>
Created a new atom named: C3A within residue: .R<HEM 1>
Created a new atom named: C4A within residue: .R<HEM 1>
Created a new atom named: CMA within residue: .R<HEM 1>
Created a new atom named: CAA within residue: .R<HEM 1>
Created a new atom named: CBA within residue: .R<HEM 1>
Created a new atom named: CGA within residue: .R<HEM 1>
Created a new atom named: O1A within residue: .R<HEM 1>
Created a new atom named: O2A within residue: .R<HEM 1>
Created a new atom named: C1B within residue: .R<HEM 1>
Created a new atom named: C2B within residue: .R<HEM 1>
Created a new atom named: C3B within residue: .R<HEM 1>
Created a new atom named: C4B within residue: .R<HEM 1>
Created a new atom named: CMB within residue: .R<HEM 1>
Created a new atom named: CAB within residue: .R<HEM 1>
Created a new atom named: CBB within residue: .R<HEM 1>
Created a new atom named: C1C within residue: .R<HEM 1>
Created a new atom named: C2C within residue: .R<HEM 1>
Created a new atom named: C3C within residue: .R<HEM 1>
Created a new atom named: C4C within residue: .R<HEM 1>
Created a new atom named: CMC within residue: .R<HEM 1>
Created a new atom named: CAC within residue: .R<HEM 1>
Created a new atom named: CBC within residue: .R<HEM 1>
Created a new atom named: C1D within residue: .R<HEM 1>
Created a new atom named: C2D within residue: .R<HEM 1>
Created a new atom named: C3D within residue: .R<HEM 1>
Created a new atom named: C4D within residue: .R<HEM 1>
Created a new atom named: CMD within residue: .R<HEM 1>
Created a new atom named: CAD within residue: .R<HEM 1>
Created a new atom named: CBD within residue: .R<HEM 1>
Created a new atom named: CGD within residue: .R<HEM 1>
Created a new atom named: O1D within residue: .R<HEM 1>
Created a new atom named: O2D within residue: .R<HEM 1>
Created a new atom named: NA within residue: .R<HEM 1>
Created a new atom named: NB within residue: .R<HEM 1>
Created a new atom named: NC within residue: .R<HEM 1>
Created a new atom named: ND within residue: .R<HEM 1>
Created a new atom named: HMA1 within residue: .R<HEM 1>
Created a new atom named: HMA2 within residue: .R<HEM 1>
Created a new atom named: HMA3 within residue: .R<HEM 1>
Created a new atom named: HMB1 within residue: .R<HEM 1>
Created a new atom named: HMB2 within residue: .R<HEM 1>
Created a new atom named: HMB3 within residue: .R<HEM 1>
Created a new atom named: HMC1 within residue: .R<HEM 1>
Created a new atom named: HMC2 within residue: .R<HEM 1>
Created a new atom named: HMC3 within residue: .R<HEM 1>
Created a new atom named: HMD1 within residue: .R<HEM 1>
Created a new atom named: HMD2 within residue: .R<HEM 1>
Created a new atom named: HMD3 within residue: .R<HEM 1>
Created a new atom named: HBB1 within residue: .R<HEM 1>
Created a new atom named: HBB2 within residue: .R<HEM 1>
Created a new atom named: HBC1 within residue: .R<HEM 1>
Created a new atom named: HBC2 within residue: .R<HEM 1>
Created a new atom named: HBA1 within residue: .R<HEM 1>
Created a new atom named: HBA2 within residue: .R<HEM 1>
Created a new atom named: HAA1 within residue: .R<HEM 1>
Created a new atom named: HAA2 within residue: .R<HEM 1>
Created a new atom named: HBD1 within residue: .R<HEM 1>
Created a new atom named: HBD2 within residue: .R<HEM 1>
Created a new atom named: HAD1 within residue: .R<HEM 1>
Created a new atom named: HAD2 within residue: .R<HEM 1>
Created a new atom named: HHA within residue: .R<HEM 1>
Created a new atom named: HHB within residue: .R<HEM 1>
Created a new atom named: HHC within residue: .R<HEM 1>
Created a new atom named: HHD within residue: .R<HEM 1>
Created a new atom named: HAB within residue: .R<HEM 1>
Created a new atom named: HAC within residue: .R<HEM 1>
  total atoms in file: 73
  The file contained 73 atoms not in residue templates
> hem = loadmol2 hem.mol2
Loading Mol2 file: ./hem.mol2
Reading MOLECULE named HEM
> fe = loadmol2 fe3.mol2
Loading Mol2 file: ./fe3.mol2
Reading MOLECULE named FE3
> full = loadpdb Heme_full.pdb
Loading PDB file: ./Heme_full.pdb

Warning: Name change in pdb file residue 0 ;
this residue is split into FE3 and HEM.

Note: 1 residues had naming warnings.
Thus, there are split residues;
residue sequence numbers will not correspond to those in the pdb.
Matching PDB residue names to LEaP variables.

Warning: Unknown residue: FE3   number: 0   type: Terminal/beginning
..relaxing end constraints to try for a dbase match

Warning:   -no luck

Warning: Unknown residue: HEM   number: 1   type: Terminal/last
..relaxing end constraints to try for a dbase match

Warning:   -no luck
Creating new UNIT for residue: FE3 sequence: 0
Created a new atom named: FE within residue: .R<FE3 0>
Creating new UNIT for residue: HEM sequence: 1
Starting new chain with 
Created a new atom named: CHA within residue: .R<HEM 1>
Created a new atom named: CHB within residue: .R<HEM 1>
Created a new atom named: CHC within residue: .R<HEM 1>
Created a new atom named: CHD within residue: .R<HEM 1>
Created a new atom named: C1A within residue: .R<HEM 1>
Created a new atom named: C2A within residue: .R<HEM 1>
Created a new atom named: C3A within residue: .R<HEM 1>
Created a new atom named: C4A within residue: .R<HEM 1>
Created a new atom named: CMA within residue: .R<HEM 1>
Created a new atom named: CAA within residue: .R<HEM 1>
Created a new atom named: CBA within residue: .R<HEM 1>
Created a new atom named: CGA within residue: .R<HEM 1>
Created a new atom named: O1A within residue: .R<HEM 1>
Created a new atom named: O2A within residue: .R<HEM 1>
Created a new atom named: C1B within residue: .R<HEM 1>
Created a new atom named: C2B within residue: .R<HEM 1>
Created a new atom named: C3B within residue: .R<HEM 1>
Created a new atom named: C4B within residue: .R<HEM 1>
Created a new atom named: CMB within residue: .R<HEM 1>
Created a new atom named: CAB within residue: .R<HEM 1>
Created a new atom named: CBB within residue: .R<HEM 1>
Created a new atom named: C1C within residue: .R<HEM 1>
Created a new atom named: C2C within residue: .R<HEM 1>
Created a new atom named: C3C within residue: .R<HEM 1>
Created a new atom named: C4C within residue: .R<HEM 1>
Created a new atom named: CMC within residue: .R<HEM 1>
Created a new atom named: CAC within residue: .R<HEM 1>
Created a new atom named: CBC within residue: .R<HEM 1>
Created a new atom named: C1D within residue: .R<HEM 1>
Created a new atom named: C2D within residue: .R<HEM 1>
Created a new atom named: C3D within residue: .R<HEM 1>
Created a new atom named: C4D within residue: .R<HEM 1>
Created a new atom named: CMD within residue: .R<HEM 1>
Created a new atom named: CAD within residue: .R<HEM 1>
Created a new atom named: CBD within residue: .R<HEM 1>
Created a new atom named: CGD within residue: .R<HEM 1>
Created a new atom named: O1D within residue: .R<HEM 1>
Created a new atom named: O2D within residue: .R<HEM 1>
Created a new atom named: NA within residue: .R<HEM 1>
Created a new atom named: NB within residue: .R<HEM 1>
Created a new atom named: NC within residue: .R<HEM 1>
Created a new atom named: ND within residue: .R<HEM 1>
Created a new atom named: HMA1 within residue: .R<HEM 1>
Created a new atom named: HMA2 within residue: .R<HEM 1>
Created a new atom named: HMA3 within residue: .R<HEM 1>
Created a new atom named: HMB1 within residue: .R<HEM 1>
Created a new atom named: HMB2 within residue: .R<HEM 1>
Created a new atom named: HMB3 within residue: .R<HEM 1>
Created a new atom named: HMC1 within residue: .R<HEM 1>
Created a new atom named: HMC2 within residue: .R<HEM 1>
Created a new atom named: HMC3 within residue: .R<HEM 1>
Created a new atom named: HMD1 within residue: .R<HEM 1>
Created a new atom named: HMD2 within residue: .R<HEM 1>
Created a new atom named: HMD3 within residue: .R<HEM 1>
Created a new atom named: HBB1 within residue: .R<HEM 1>
Created a new atom named: HBB2 within residue: .R<HEM 1>
Created a new atom named: HBC1 within residue: .R<HEM 1>
Created a new atom named: HBC2 within residue: .R<HEM 1>
Created a new atom named: HBA1 within residue: .R<HEM 1>
Created a new atom named: HBA2 within residue: .R<HEM 1>
Created a new atom named: HAA1 within residue: .R<HEM 1>
Created a new atom named: HAA2 within residue: .R<HEM 1>
Created a new atom named: HBD1 within residue: .R<HEM 1>
Created a new atom named: HBD2 within residue: .R<HEM 1>
Created a new atom named: HAD1 within residue: .R<HEM 1>
Created a new atom named: HAD2 within residue: .R<HEM 1>
Created a new atom named: HHA within residue: .R<HEM 1>
Created a new atom named: HHB within residue: .R<HEM 1>
Created a new atom named: HHC within residue: .R<HEM 1>
Created a new atom named: HHD within residue: .R<HEM 1>
Created a new atom named: HAB within residue: .R<HEM 1>
Created a new atom named: HAC within residue: .R<HEM 1>
  total atoms in file: 73
  The file contained 73 atoms not in residue templates
> model = loadpdb Heme_full.pdb
Loading PDB file: ./Heme_full.pdb

Warning: Name change in pdb file residue 0 ;
this residue is split into FE3 and HEM.

Note: 1 residues had naming warnings.
Thus, there are split residues;
residue sequence numbers will not correspond to those in the pdb.
Matching PDB residue names to LEaP variables.

Warning: Unknown residue: FE3   number: 0   type: Terminal/beginning
..relaxing end constraints to try for a dbase match

Warning:   -no luck

Warning: Unknown residue: HEM   number: 1   type: Terminal/last
..relaxing end constraints to try for a dbase match

Warning:   -no luck
Creating new UNIT for residue: FE3 sequence: 0
Created a new atom named: FE within residue: .R<FE3 0>
Creating new UNIT for residue: HEM sequence: 1
Starting new chain with 
Created a new atom named: CHA within residue: .R<HEM 1>
Created a new atom named: CHB within residue: .R<HEM 1>
Created a new atom named: CHC within residue: .R<HEM 1>
Created a new atom named: CHD within residue: .R<HEM 1>
Created a new atom named: C1A within residue: .R<HEM 1>
Created a new atom named: C2A within residue: .R<HEM 1>
Created a new atom named: C3A within residue: .R<HEM 1>
Created a new atom named: C4A within residue: .R<HEM 1>
Created a new atom named: CMA within residue: .R<HEM 1>
Created a new atom named: CAA within residue: .R<HEM 1>
Created a new atom named: CBA within residue: .R<HEM 1>
Created a new atom named: CGA within residue: .R<HEM 1>
Created a new atom named: O1A within residue: .R<HEM 1>
Created a new atom named: O2A within residue: .R<HEM 1>
Created a new atom named: C1B within residue: .R<HEM 1>
Created a new atom named: C2B within residue: .R<HEM 1>
Created a new atom named: C3B within residue: .R<HEM 1>
Created a new atom named: C4B within residue: .R<HEM 1>
Created a new atom named: CMB within residue: .R<HEM 1>
Created a new atom named: CAB within residue: .R<HEM 1>
Created a new atom named: CBB within residue: .R<HEM 1>
Created a new atom named: C1C within residue: .R<HEM 1>
Created a new atom named: C2C within residue: .R<HEM 1>
Created a new atom named: C3C within residue: .R<HEM 1>
Created a new atom named: C4C within residue: .R<HEM 1>
Created a new atom named: CMC within residue: .R<HEM 1>
Created a new atom named: CAC within residue: .R<HEM 1>
Created a new atom named: CBC within residue: .R<HEM 1>
Created a new atom named: C1D within residue: .R<HEM 1>
Created a new atom named: C2D within residue: .R<HEM 1>
Created a new atom named: C3D within residue: .R<HEM 1>
Created a new atom named: C4D within residue: .R<HEM 1>
Created a new atom named: CMD within residue: .R<HEM 1>
Created a new atom named: CAD within residue: .R<HEM 1>
Created a new atom named: CBD within residue: .R<HEM 1>
Created a new atom named: CGD within residue: .R<HEM 1>
Created a new atom named: O1D within residue: .R<HEM 1>
Created a new atom named: O2D within residue: .R<HEM 1>
Created a new atom named: NA within residue: .R<HEM 1>
Created a new atom named: NB within residue: .R<HEM 1>
Created a new atom named: NC within residue: .R<HEM 1>
Created a new atom named: ND within residue: .R<HEM 1>
Created a new atom named: HMA1 within residue: .R<HEM 1>
Created a new atom named: HMA2 within residue: .R<HEM 1>
Created a new atom named: HMA3 within residue: .R<HEM 1>
Created a new atom named: HMB1 within residue: .R<HEM 1>
Created a new atom named: HMB2 within residue: .R<HEM 1>
Created a new atom named: HMB3 within residue: .R<HEM 1>
Created a new atom named: HMC1 within residue: .R<HEM 1>
Created a new atom named: HMC2 within residue: .R<HEM 1>
Created a new atom named: HMC3 within residue: .R<HEM 1>
Created a new atom named: HMD1 within residue: .R<HEM 1>
Created a new atom named: HMD2 within residue: .R<HEM 1>
Created a new atom named: HMD3 within residue: .R<HEM 1>
Created a new atom named: HBB1 within residue: .R<HEM 1>
Created a new atom named: HBB2 within residue: .R<HEM 1>
Created a new atom named: HBC1 within residue: .R<HEM 1>
Created a new atom named: HBC2 within residue: .R<HEM 1>
Created a new atom named: HBA1 within residue: .R<HEM 1>
Created a new atom named: HBA2 within residue: .R<HEM 1>
Created a new atom named: HAA1 within residue: .R<HEM 1>
Created a new atom named: HAA2 within residue: .R<HEM 1>
Created a new atom named: HBD1 within residue: .R<HEM 1>
Created a new atom named: HBD2 within residue: .R<HEM 1>
Created a new atom named: HAD1 within residue: .R<HEM 1>
Created a new atom named: HAD2 within residue: .R<HEM 1>
Created a new atom named: HHA within residue: .R<HEM 1>
Created a new atom named: HHB within residue: .R<HEM 1>
Created a new atom named: HHC within residue: .R<HEM 1>
Created a new atom named: HHD within residue: .R<HEM 1>
Created a new atom named: HAB within residue: .R<HEM 1>
Created a new atom named: HAC within residue: .R<HEM 1>
  total atoms in file: 73
  The file contained 73 atoms not in residue templates
> bond model.HEM.1.FE model.HEM.1.NA

Error: bond: Argument #1 is of type String must be of type: [atom]
    Here are some suggestions for correcting this error:
    Verify the type of an argument with the desc command.
    Check for alternate argument names with the list command.
usage:  bond <atom1> <atom2> [order]
> bond model.FE3.1.FE model.HEM.1.NA

Error: bond: Argument #1 is of type String must be of type: [atom]
    Here are some suggestions for correcting this error:
    Verify the type of an argument with the desc command.
    Check for alternate argument names with the list command.
usage:  bond <atom1> <atom2> [order]
> quit()
	Quit

Exiting LEaP: Errors = 3; Warnings = 15; Notes = 3.

Error: Error from the parser: 
       syntax error.
       Check for typos, misspellings, etc.
       Try help on the command name and desc on the command arguments.

log started: Wed Jun 25 10:37:54 2025

Log file: ./leap.log
>> #
>> # ----- leaprc for loading the ff14SB force field
>> # ----- NOTE: this is designed for PDB format 3!
>> #
>> #	load atom type hybridizations
>> #
>> addAtomTypes {
>> 	{ "H"   "H" "sp3" }
>> 	{ "HO"  "H" "sp3" }
>> 	{ "HS"  "H" "sp3" }
>> 	{ "H1"  "H" "sp3" }
>> 	{ "H2"  "H" "sp3" }
>> 	{ "H3"  "H" "sp3" }
>> 	{ "H4"  "H" "sp3" }
>> 	{ "H5"  "H" "sp3" }
>> 	{ "HW"  "H" "sp3" }
>> 	{ "HC"  "H" "sp3" }
>> 	{ "HA"  "H" "sp3" }
>> 	{ "HP"  "H" "sp3" }
>> 	{ "HZ"  "H" "sp3" }
>> 	{ "OH"  "O" "sp3" }
>> 	{ "OS"  "O" "sp3" }
>> 	{ "O"   "O" "sp2" }
>> 	{ "O2"  "O" "sp2" }
>> 	{ "OP"  "O" "sp2" }
>> 	{ "OW"  "O" "sp3" }
>> 	{ "CT"  "C" "sp3" }
>> 	{ "CX"  "C" "sp3" }
>> 	{ "C8"  "C" "sp3" }
>> 	{ "2C"  "C" "sp3" }
>> 	{ "3C"  "C" "sp3" }
>> 	{ "CH"  "C" "sp3" }
>> 	{ "CS"  "C" "sp2" }
>> 	{ "C"   "C" "sp2" }
>> 	{ "CO"   "C" "sp2" }
>> 	{ "C*"  "C" "sp2" }
>> 	{ "CA"  "C" "sp2" }
>> 	{ "CB"  "C" "sp2" }
>> 	{ "CC"  "C" "sp2" }
>> 	{ "CN"  "C" "sp2" }
>> 	{ "CM"  "C" "sp2" }
>> 	{ "CK"  "C" "sp2" }
>> 	{ "CQ"  "C" "sp2" }
>> 	{ "CD"  "C" "sp2" }
>> 	{ "C5"  "C" "sp2" }
>> 	{ "C4"  "C" "sp2" }
>> 	{ "CP"  "C" "sp2" }
>> 	{ "CI"  "C" "sp3" }
>> 	{ "CJ"  "C" "sp2" }
>> 	{ "CW"  "C" "sp2" }
>> 	{ "CV"  "C" "sp2" }
>> 	{ "CR"  "C" "sp2" }
>> 	{ "CA"  "C" "sp2" }
>> 	{ "CY"  "C" "sp2" }
>> 	{ "C0"  "Ca" "sp3" }
>> 	{ "MG"  "Mg" "sp3" }
>> 	{ "N"   "N" "sp2" }
>> 	{ "NA"  "N" "sp2" }
>> 	{ "N2"  "N" "sp2" }
>> 	{ "N*"  "N" "sp2" }
>> 	{ "NP"  "N" "sp2" }
>> 	{ "NQ"  "N" "sp2" }
>> 	{ "NB"  "N" "sp2" }
>> 	{ "NC"  "N" "sp2" }
>> 	{ "NT"  "N" "sp3" }
>> 	{ "NY"  "N" "sp2" }
>> 	{ "N3"  "N" "sp3" }
>> 	{ "S"   "S" "sp3" }
>> 	{ "SH"  "S" "sp3" }
>> 	{ "P"   "P" "sp3" }
>> 	{ "LP"  ""  "sp3" }
>> 	{ "EP"  ""  "sp3" }
>> 	{ "F"   "F" "sp3" }
>> 	{ "Cl"  "Cl" "sp3" }
>> 	{ "Br"  "Br" "sp3" }
>> 	{ "I"   "I"  "sp3" }
>> }
>> #
>> #	Load the main parameter set.
>> #
>> parm10 = loadamberparams parm10.dat
Loading parameters: /opt/amber24/amber24/dat/leap/parm/parm10.dat
Reading title:
PARM99 + frcmod.ff99SB + frcmod.parmbsc0 + OL3 for RNA
>> frcmod14SB = loadamberparams frcmod.ff14SB
Loading parameters: /opt/amber24/amber24/dat/leap/parm/frcmod.ff14SB
Reading force field modification type file (frcmod)
Reading title:
ff14SB protein backbone and sidechain parameters
>> #
>> #	Load main chain and terminating amino acid libraries
>> #
>> loadOff amino12.lib
Loading library: /opt/amber24/amber24/dat/leap/lib/amino12.lib
Loading: ALA
Loading: ARG
Loading: ASH
Loading: ASN
Loading: ASP
Loading: CYM
Loading: CYS
Loading: CYX
Loading: GLH
Loading: GLN
Loading: GLU
Loading: GLY
Loading: HID
Loading: HIE
Loading: HIP
Loading: HYP
Loading: ILE
Loading: LEU
Loading: LYN
Loading: LYS
Loading: MET
Loading: PHE
Loading: PRO
Loading: SER
Loading: THR
Loading: TRP
Loading: TYR
Loading: VAL
>> loadOff aminoct12.lib
Loading library: /opt/amber24/amber24/dat/leap/lib/aminoct12.lib
Loading: CALA
Loading: CARG
Loading: CASN
Loading: CASP
Loading: CCYS
Loading: CCYX
Loading: CGLN
Loading: CGLU
Loading: CGLY
Loading: CHID
Loading: CHIE
Loading: CHIP
Loading: CHYP
Loading: CILE
Loading: CLEU
Loading: CLYS
Loading: CMET
Loading: CPHE
Loading: CPRO
Loading: CSER
Loading: CTHR
Loading: CTRP
Loading: CTYR
Loading: CVAL
Loading: NHE
Loading: NME
>> loadOff aminont12.lib
Loading library: /opt/amber24/amber24/dat/leap/lib/aminont12.lib
Loading: ACE
Loading: NALA
Loading: NARG
Loading: NASN
Loading: NASP
Loading: NCYS
Loading: NCYX
Loading: NGLN
Loading: NGLU
Loading: NGLY
Loading: NHID
Loading: NHIE
Loading: NHIP
Loading: NILE
Loading: NLEU
Loading: NLYS
Loading: NMET
Loading: NPHE
Loading: NPRO
Loading: NSER
Loading: NTHR
Loading: NTRP
Loading: NTYR
Loading: NVAL
>> 
>> #
>> #	Define the PDB name map for the amino acids
>> #
>> addPdbResMap {
>>   { 0 "HYP" "HYP" } { 1 "HYP" "CHYP" }
>>   { 0 "ALA" "NALA" } { 1 "ALA" "CALA" }
>>   { 0 "ARG" "NARG" } { 1 "ARG" "CARG" }
>>   { 0 "ASN" "NASN" } { 1 "ASN" "CASN" }
>>   { 0 "ASP" "NASP" } { 1 "ASP" "CASP" }
>>   { 0 "CYS" "NCYS" } { 1 "CYS" "CCYS" }
>>   { 0 "CYX" "NCYX" } { 1 "CYX" "CCYX" }
>>   { 0 "GLN" "NGLN" } { 1 "GLN" "CGLN" }
>>   { 0 "GLU" "NGLU" } { 1 "GLU" "CGLU" }
>>   { 0 "GLY" "NGLY" } { 1 "GLY" "CGLY" }
>>   { 0 "HID" "NHID" } { 1 "HID" "CHID" }
>>   { 0 "HIE" "NHIE" } { 1 "HIE" "CHIE" }
>>   { 0 "HIP" "NHIP" } { 1 "HIP" "CHIP" }
>>   { 0 "ILE" "NILE" } { 1 "ILE" "CILE" }
>>   { 0 "LEU" "NLEU" } { 1 "LEU" "CLEU" }
>>   { 0 "LYS" "NLYS" } { 1 "LYS" "CLYS" }
>>   { 0 "MET" "NMET" } { 1 "MET" "CMET" }
>>   { 0 "PHE" "NPHE" } { 1 "PHE" "CPHE" }
>>   { 0 "PRO" "NPRO" } { 1 "PRO" "CPRO" }
>>   { 0 "SER" "NSER" } { 1 "SER" "CSER" }
>>   { 0 "THR" "NTHR" } { 1 "THR" "CTHR" }
>>   { 0 "TRP" "NTRP" } { 1 "TRP" "CTRP" }
>>   { 0 "TYR" "NTYR" } { 1 "TYR" "CTYR" }
>>   { 0 "VAL" "NVAL" } { 1 "VAL" "CVAL" }
>>   { 0 "HIS" "NHIS" } { 1 "HIS" "CHIS" }
>> }
>> 
>> #
>> # assume that most often proteins use HIE
>> #
>> NHIS = NHIE
>> HIS = HIE
>> CHIS = CHIE
> 
> source leaprc.gaff2
----- Source: /opt/amber24/amber24/dat/leap/cmd/leaprc.gaff2
----- Source of /opt/amber24/amber24/dat/leap/cmd/leaprc.gaff2 done
>> logFile leap.log
log started: Wed Jun 25 10:37:55 2025

Log file: ./leap.log
>> #
>> # ----- leaprc for loading the general Amber Force field.
>> #       This file is mostly for use with Antechamber
>> #
>> #	load atom type hybridizations
>> #
>> addAtomTypes {
>> 	{ "h1"  "H" "sp3" }
>> 	{ "h2"  "H" "sp3" }
>> 	{ "h3"  "H" "sp3" }
>> 	{ "h4"  "H" "sp3" }
>> 	{ "h5"  "H" "sp3" }
>> 	{ "ha"  "H" "sp3" }
>> 	{ "hc"  "H" "sp3" }
>> 	{ "hn"  "H" "sp3" }
>> 	{ "ho"  "H" "sp3" }
>> 	{ "hp"  "H" "sp3" }
>> 	{ "hs"  "H" "sp3" }
>> 	{ "hw"  "H" "sp3" }
>> 	{ "hx"  "H" "sp3" }
>> 	{ "o"  "O" "sp2" }
>> 	{ "o2"  "O" "sp2" }
>> 	{ "oh"  "O" "sp3" }
>> 	{ "op"  "O" "sp3" }
>> 	{ "oq"  "O" "sp3" }
>> 	{ "os"  "O" "sp3" }
>> 	{ "ow"  "O" "sp3" }
>> 	{ "c"  "C" "sp2" }
>> 	{ "c1"  "C" "sp2" }
>> 	{ "c2"  "C" "sp2" }
>> 	{ "c3"  "C" "sp3" }
>> 	{ "c5"  "C" "sp3" }
>> 	{ "c6"  "C" "sp3" }
>> 	{ "ca"  "C" "sp2" }
>> 	{ "cc"  "C" "sp2" }
>> 	{ "cd"  "C" "sp2" }
>> 	{ "ce"  "C" "sp2" }
>> 	{ "cf"  "C" "sp2" }
>> 	{ "cg"  "C" "sp2" }
>> 	{ "ch"  "C" "sp2" }
>> 	{ "cp"  "C" "sp2" }
>> 	{ "cs"  "C" "sp2" }
>> 	{ "cq"  "C" "sp2" }
>> 	{ "cu"  "C" "sp2" }
>> 	{ "cv"  "C" "sp2" }
>> 	{ "cx"  "C" "sp2" }
>> 	{ "cy"  "C" "sp2" }
>> 	{ "cz"  "C" "sp2" }
>> 	{ "n"   "N" "sp2" }
>> 	{ "n1"  "N" "sp2" }
>> 	{ "n2"  "N" "sp2" }
>> 	{ "n3"  "N" "sp3" }
>> 	{ "n4"  "N" "sp3" }
>> 	{ "n5"  "N" "sp3" }
>> 	{ "n6"  "N" "sp3" }
>> 	{ "n7"  "N" "sp3" }
>> 	{ "n8"  "N" "sp3" }
>> 	{ "n9"  "N" "sp3" }
>> 	{ "na"  "N" "sp2" }
>> 	{ "nb"  "N" "sp2" }
>> 	{ "nc"  "N" "sp2" }
>> 	{ "nd"  "N" "sp2" }
>> 	{ "ne"  "N" "sp2" }
>> 	{ "nf"  "N" "sp2" }
>> 	{ "nh"  "N" "sp2" }
>> 	{ "ni"  "N" "sp2" }
>> 	{ "nj"  "N" "sp2" }
>> 	{ "nk"  "N" "sp3" }
>> 	{ "nl"  "N" "sp3" }
>> 	{ "nm"  "N" "sp2" }
>> 	{ "nn"  "N" "sp2" }
>> 	{ "no"  "N" "sp2" }
>> 	{ "np"  "N" "sp3" }
>> 	{ "nq"  "N" "sp3" }
>> 	{ "ns"  "N" "sp2" }
>> 	{ "nt"  "N" "sp2" }
>> 	{ "nu"  "N" "sp2" }
>> 	{ "nv"  "N" "sp2" }
>> 	{ "nx"  "N" "sp3" }
>> 	{ "ny"  "N" "sp3" }
>> 	{ "nz"  "N" "sp3" }
>> 	{ "n+"  "N" "sp3" }
>> 	{ "s"   "S" "sp2" }
>> 	{ "s2"   "S" "sp2" }
>> 	{ "s3"   "S" "sp3" }
>> 	{ "s4"   "S" "sp3" }
>> 	{ "s6"   "S" "sp3" }
>> 	{ "sh"   "S" "sp3" }
>> 	{ "sp"   "S" "sp3" }
>> 	{ "sq"   "S" "sp3" }
>> 	{ "ss"   "S" "sp3" }
>> 	{ "sx"   "S" "sp3" }
>> 	{ "sy"   "S" "sp3" }
>> 	{ "p2"   "P" "sp2" }
>> 	{ "p3"   "P" "sp3" }
>> 	{ "p4"   "P" "sp3" }
>> 	{ "p5"   "P" "sp3" }
>> 	{ "pb"   "P" "sp3" }
>> 	{ "pc"   "P" "sp3" }
>> 	{ "pd"   "P" "sp3" }
>> 	{ "pe"   "P" "sp3" }
>> 	{ "pf"   "P" "sp3" }
>> 	{ "px"   "P" "sp3" }
>> 	{ "py"   "P" "sp3" }
>> 	{ "f"   "F" "sp3" }
>> 	{ "cl"  "Cl" "sp3" }
>> 	{ "br"  "Br" "sp3" }
>> 	{ "i"   "I"  "sp3" }
>> }
>> #
>> #	Load the general force field parameter set.
>> #
>> gaff = loadamberparams gaff2.dat
Loading parameters: /opt/amber24/amber24/dat/leap/parm/gaff2.dat
Reading title:
AMBER General Force Field for organic molecules (Version 2.2.20, March 2021)
> 
> loadamberparams fe3.frcmod
Loading parameters: ./fe3.frcmod
Reading force field modification type file (frcmod)
Reading title:
Amber Force Field Parameters for the Fe +III  Ion
(UNKNOWN ATOM TYPE: FE)
(UNKNOWN ATOM TYPE: Fe3)
(UNKNOWN ATOM TYPE: Fe3+)
> loadamberparams hem.frcmod
Loading parameters: ./hem.frcmod
Reading force field modification type file (frcmod)
Reading title:
Remark line goes here
> loadmol2 fe3.mol2
Loading Mol2 file: ./fe3.mol2
Reading MOLECULE named FE3
> loadmol2 hem.mol2
Loading Mol2 file: ./hem.mol2
Reading MOLECULE named HEM
> fe = loadpdb fe3.pdb
Loading PDB file: ./fe3.pdb
Matching PDB residue names to LEaP variables.

Warning: Unknown residue: FE   number: 0   type: Terminal/last
..relaxing end constraints to try for a dbase match

Warning:   -no luck
Creating new UNIT for residue: FE sequence: 3
Created a new atom named: FE within residue: .R<FE 3>
  total atoms in file: 1
  The file contained 1 atoms not in residue templates
> fe = loadpdb fe3.pdb
Loading PDB file: ./fe3.pdb
Matching PDB residue names to LEaP variables.

Warning: Unknown residue: FE   number: 0   type: Terminal/last
..relaxing end constraints to try for a dbase match

Warning:   -no luck
Creating new UNIT for residue: FE sequence: 3
Created a new atom named: FE within residue: .R<FE 3>
  total atoms in file: 1
  The file contained 1 atoms not in residue templates
> fe = loadpdb fe3.pdb
Loading PDB file: ./fe3.pdb
Matching PDB residue names to LEaP variables.

Warning: Unknown residue: FE   number: 0   type: Terminal/last
..relaxing end constraints to try for a dbase match

Warning:   -no luck
Creating new UNIT for residue: FE sequence: 3
Created a new atom named: FE within residue: .R<FE 3>
  total atoms in file: 1
  The file contained 1 atoms not in residue templates
> quit()
	Quit

Exiting LEaP: Errors = 0; Warnings = 6; Notes = 0.

Error: Error from the parser: 
       syntax error.
       Check for typos, misspellings, etc.
       Try help on the command name and desc on the command arguments.

